[debug] [2022-08-29T06:58:51.294Z] ----------------------------------------------------------------------
[debug] [2022-08-29T06:58:51.296Z] Command:       C:\Program Files\nodejs\node.exe C:\Users\thech\AppData\Roaming\npm\node_modules\firebase-tools\lib\bin\firebase.js emulators:start
[debug] [2022-08-29T06:58:51.296Z] CLI Version:   11.7.0
[debug] [2022-08-29T06:58:51.296Z] Platform:      win32
[debug] [2022-08-29T06:58:51.296Z] Node Version:  v17.9.0
[debug] [2022-08-29T06:58:51.297Z] Time:          Mon Aug 29 2022 02:58:51 GMT-0400 (Eastern Daylight Time)
[debug] [2022-08-29T06:58:51.297Z] ----------------------------------------------------------------------
[debug] 
[debug] [2022-08-29T06:58:51.393Z] > command requires scopes: ["email","openid","https://www.googleapis.com/auth/cloudplatformprojects.readonly","https://www.googleapis.com/auth/firebase","https://www.googleapis.com/auth/cloud-platform"]
[debug] [2022-08-29T06:58:51.393Z] > authorizing via signed-in user (victorjosuepimentel21@gmail.com)
[debug] [2022-08-29T06:58:51.490Z] java version "18.0.2.1" 2022-08-18
Java(TM) SE Runtime Environment (build 18.0.2.1+1-1)

[debug] [2022-08-29T06:58:51.490Z] Java HotSpot(TM) 64-Bit Server VM (build 18.0.2.1+1-1, mixed mode, sharing)

[debug] [2022-08-29T06:58:51.503Z] Parsed Java major version: 18
[info] i  emulators: Starting emulators: auth, functions, firestore, pubsub {"metadata":{"emulator":{"name":"hub"},"message":"Starting emulators: auth, functions, firestore, pubsub"}}
[warn] !  hub: emulator hub unable to start on port 4400, starting on 4401 instead. {"metadata":{"emulator":{"name":"hub"},"message":"emulator hub unable to start on port 4400, starting on 4401 instead."}}
[debug] [2022-08-29T06:58:51.532Z] [hub] writing locator at C:\Users\thech\AppData\Local\Temp\hub-plivo-mock.json
[warn] !  functions: The following emulators are not running, calls to these services from the Functions emulator will affect production: database, hosting, storage, eventarc {"metadata":{"emulator":{"name":"functions"},"message":"The following emulators are not running, calls to these services from the Functions emulator will affect production: \u001b[1mdatabase, hosting, storage, eventarc\u001b[22m"}}
[warn] !  Your requested "node" version "16" doesn't match your global version "17". Using node@17 from host. {"metadata":{"emulator":{"name":"functions"},"message":"Your requested \"node\" version \"16\" doesn't match your global version \"17\". Using node@17 from host."}}
[debug] [2022-08-29T06:58:51.571Z] defaultcredentials: writing to file C:\Users\thech\AppData\Roaming\firebase\victorjosuepimentel21_gmail_com_application_default_credentials.json
[debug] [2022-08-29T06:58:51.573Z] Setting GAC to C:\Users\thech\AppData\Roaming\firebase\victorjosuepimentel21_gmail_com_application_default_credentials.json {"metadata":{"emulator":{"name":"functions"},"message":"Setting GAC to C:\\Users\\thech\\AppData\\Roaming\\firebase\\victorjosuepimentel21_gmail_com_application_default_credentials.json"}}
[debug] [2022-08-29T06:58:51.574Z] > refreshing access token with scopes: []
[debug] [2022-08-29T06:58:51.575Z] >>> [apiv2][query] POST https://www.googleapis.com/oauth2/v3/token [none]
[debug] [2022-08-29T06:58:51.575Z] >>> [apiv2][body] POST https://www.googleapis.com/oauth2/v3/token [omitted]
[debug] [2022-08-29T06:58:51.669Z] <<< [apiv2][status] POST https://www.googleapis.com/oauth2/v3/token 200
[debug] [2022-08-29T06:58:51.670Z] <<< [apiv2][body] POST https://www.googleapis.com/oauth2/v3/token [omitted]
[debug] [2022-08-29T06:58:51.677Z] >>> [apiv2][query] GET https://firebase.googleapis.com/v1beta1/projects/plivo-mock/adminSdkConfig [none]
[debug] [2022-08-29T06:58:51.922Z] <<< [apiv2][status] GET https://firebase.googleapis.com/v1beta1/projects/plivo-mock/adminSdkConfig 200
[debug] [2022-08-29T06:58:51.922Z] <<< [apiv2][body] GET https://firebase.googleapis.com/v1beta1/projects/plivo-mock/adminSdkConfig {"projectId":"plivo-mock","databaseURL":"https://plivo-mock-default-rtdb.firebaseio.com","storageBucket":"plivo-mock.appspot.com","locationId":"us-east1"}
[warn] !  eventarc: Eventarc Emulator unable to start on port 9299, starting on 9300 instead. {"metadata":{"emulator":{"name":"eventarc"},"message":"Eventarc Emulator unable to start on port 9299, starting on 9300 instead."}}
[warn] !  firestore: Did not find a Cloud Firestore rules file specified in a firebase.json config file. {"metadata":{"emulator":{"name":"firestore"},"message":"Did not find a Cloud Firestore rules file specified in a firebase.json config file."}}
[warn] !  firestore: The emulator will default to allowing all reads and writes. Learn more about this option: https://firebase.google.com/docs/emulator-suite/install_and_configure#security_rules_configuration. {"metadata":{"emulator":{"name":"firestore"},"message":"The emulator will default to allowing all reads and writes. Learn more about this option: https://firebase.google.com/docs/emulator-suite/install_and_configure#security_rules_configuration."}}
[debug] [2022-08-29T06:58:51.956Z] Ignoring unsupported arg: projectId {"metadata":{"emulator":{"name":"firestore"},"message":"Ignoring unsupported arg: projectId"}}
[debug] [2022-08-29T06:58:51.956Z] Ignoring unsupported arg: auto_download {"metadata":{"emulator":{"name":"firestore"},"message":"Ignoring unsupported arg: auto_download"}}
[debug] [2022-08-29T06:58:51.956Z] Starting Firestore Emulator with command {"binary":"java","args":["-Dgoogle.cloud_firestore.debug_log_level=FINE","-Duser.language=en","-jar","C:\\Users\\thech\\.cache\\firebase\\emulators\\cloud-firestore-emulator-v1.14.4.jar","--host","localhost","--port",8080,"--functions_emulator","localhost:5002"],"optionalArgs":["port","webchannel_port","host","rules","functions_emulator","seed_from_export"],"joinArgs":false} {"metadata":{"emulator":{"name":"firestore"},"message":"Starting Firestore Emulator with command {\"binary\":\"java\",\"args\":[\"-Dgoogle.cloud_firestore.debug_log_level=FINE\",\"-Duser.language=en\",\"-jar\",\"C:\\\\Users\\\\thech\\\\.cache\\\\firebase\\\\emulators\\\\cloud-firestore-emulator-v1.14.4.jar\",\"--host\",\"localhost\",\"--port\",8080,\"--functions_emulator\",\"localhost:5002\"],\"optionalArgs\":[\"port\",\"webchannel_port\",\"host\",\"rules\",\"functions_emulator\",\"seed_from_export\"],\"joinArgs\":false}"}}
[info] i  firestore: Firestore Emulator logging to firestore-debug.log {"metadata":{"emulator":{"name":"firestore"},"message":"Firestore Emulator logging to \u001b[1mfirestore-debug.log\u001b[22m"}}
[debug] [2022-08-29T06:58:58.248Z] Ignoring unsupported arg: projectId {"metadata":{"emulator":{"name":"pubsub"},"message":"Ignoring unsupported arg: projectId"}}
[debug] [2022-08-29T06:58:58.248Z] Ignoring unsupported arg: auto_download {"metadata":{"emulator":{"name":"pubsub"},"message":"Ignoring unsupported arg: auto_download"}}
[debug] [2022-08-29T06:58:58.248Z] Starting Pub/Sub Emulator with command {"binary":"C:\\Users\\thech\\.cache\\firebase\\emulators\\pubsub-emulator-0.1.0\\pubsub-emulator\\bin\\cloud-pubsub-emulator.bat","args":["--host=localhost","--port=8085"],"optionalArgs":["port","host"],"joinArgs":true} {"metadata":{"emulator":{"name":"pubsub"},"message":"Starting Pub/Sub Emulator with command {\"binary\":\"C:\\\\Users\\\\thech\\\\.cache\\\\firebase\\\\emulators\\\\pubsub-emulator-0.1.0\\\\pubsub-emulator\\\\bin\\\\cloud-pubsub-emulator.bat\",\"args\":[\"--host=localhost\",\"--port=8085\"],\"optionalArgs\":[\"port\",\"host\"],\"joinArgs\":true}"}}
[info] i  pubsub: Pub/Sub Emulator logging to pubsub-debug.log {"metadata":{"emulator":{"name":"pubsub"},"message":"Pub/Sub Emulator logging to \u001b[1mpubsub-debug.log\u001b[22m"}}
[warn] !  logging: Logging Emulator unable to start on port 4500, starting on 4501 instead. {"metadata":{"emulator":{"name":"logging"},"message":"Logging Emulator unable to start on port 4500, starting on 4501 instead."}}
[warn] !  ui: Emulator UI unable to start on port 4000, starting on 4001 instead. {"metadata":{"emulator":{"name":"ui"},"message":"Emulator UI unable to start on port 4000, starting on 4001 instead."}}
[debug] [2022-08-29T06:59:00.060Z] Ignoring unsupported arg: auto_download {"metadata":{"emulator":{"name":"ui"},"message":"Ignoring unsupported arg: auto_download"}}
[debug] [2022-08-29T06:59:00.060Z] Ignoring unsupported arg: port {"metadata":{"emulator":{"name":"ui"},"message":"Ignoring unsupported arg: port"}}
[debug] [2022-08-29T06:59:00.060Z] Starting Emulator UI with command {"binary":"node","args":["C:\\Users\\thech\\.cache\\firebase\\emulators\\ui-v1.9.0\\server\\server.js"],"optionalArgs":[],"joinArgs":false} {"metadata":{"emulator":{"name":"ui"},"message":"Starting Emulator UI with command {\"binary\":\"node\",\"args\":[\"C:\\\\Users\\\\thech\\\\.cache\\\\firebase\\\\emulators\\\\ui-v1.9.0\\\\server\\\\server.js\"],\"optionalArgs\":[],\"joinArgs\":false}"}}
[info] i  ui: Emulator UI logging to ui-debug.log {"metadata":{"emulator":{"name":"ui"},"message":"Emulator UI logging to \u001b[1mui-debug.log\u001b[22m"}}
[debug] [2022-08-29T06:59:00.189Z] Web / API server started at localhost:4001
 {"metadata":{"emulator":{"name":"ui"},"message":"Web / API server started at localhost:4001\n"}}
[info] i  functions: Watching "C:\Users\thech\Documents\Summer 2022\Headstart\plivo-mock\cloud\functions" for Cloud Functions... {"metadata":{"emulator":{"name":"functions"},"message":"Watching \"C:\\Users\\thech\\Documents\\Summer 2022\\Headstart\\plivo-mock\\cloud\\functions\" for Cloud Functions..."}}
[debug] [2022-08-29T06:59:00.322Z] Validating nodejs source
[debug] [2022-08-29T06:59:02.154Z] > [functions] package.json contents: {
  "name": "functions",
  "description": "Cloud Functions for Firebase",
  "scripts": {
    "lint": "eslint .",
    "serve": "firebase emulators:start --only functions",
    "shell": "firebase functions:shell",
    "start": "npm run shell",
    "deploy": "firebase deploy --only functions",
    "logs": "firebase functions:log"
  },
  "engines": {
    "node": "16"
  },
  "main": "index.js",
  "dependencies": {
    "@sendgrid/mail": "^7.7.0",
    "firebase-admin": "^10.3.0",
    "firebase-functions": "^3.22.0"
  },
  "devDependencies": {
    "eslint": "^8.9.0",
    "eslint-config-google": "^0.14.0",
    "firebase-functions-test": "^0.2.0"
  },
  "private": true
}
[debug] [2022-08-29T06:59:02.154Z] Building nodejs source
[debug] [2022-08-29T06:59:02.154Z] Analyzing nodejs backend spec
[debug] [2022-08-29T06:59:02.155Z] Could not find functions.yaml. Must use http discovery
[debug] [2022-08-29T06:59:02.315Z] Serving at port 9005

[debug] [2022-08-29T06:59:02.418Z] Got response from /__/functions.yaml {"endpoints":{"getemail":{"platform":"gcfv1","httpsTrigger":{},"entryPoint":"getemail"},"postemails":{"platform":"gcfv1","httpsTrigger":{},"entryPoint":"postemails"}},"specVersion":"v1alpha1","requiredAPIs":[]}
[debug] [2022-08-29T06:59:02.424Z] shutdown requested via /__/quitquitquit

[info] +  functions: Loaded functions definitions from source: getemail, postemails. {"metadata":{"emulator":{"name":"functions"},"message":"Loaded functions definitions from source: getemail, postemails."}}
[info] +  functions[us-central1-getemail]: http function initialized (http://localhost:5002/plivo-mock/us-central1/getemail). {"metadata":{"emulator":{"name":"functions"},"message":"\u001b[1mhttp\u001b[22m function initialized (http://localhost:5002/plivo-mock/us-central1/getemail)."}}
[info] +  functions[us-central1-postemails]: http function initialized (http://localhost:5002/plivo-mock/us-central1/postemails). {"metadata":{"emulator":{"name":"functions"},"message":"\u001b[1mhttp\u001b[22m function initialized (http://localhost:5002/plivo-mock/us-central1/postemails)."}}
[info] 
┌─────────────────────────────────────────────────────────────┐
│ ✔  All emulators ready! It is now safe to connect your app. │
│ i  View Emulator UI at http://localhost:4001                │
└─────────────────────────────────────────────────────────────┘

┌────────────────┬────────────────┬─────────────────────────────────┐
│ Emulator       │ Host:Port      │ View in Emulator UI             │
├────────────────┼────────────────┼─────────────────────────────────┤
│ Authentication │ localhost:9099 │ http://localhost:4001/auth      │
├────────────────┼────────────────┼─────────────────────────────────┤
│ Functions      │ localhost:5002 │ http://localhost:4001/functions │
├────────────────┼────────────────┼─────────────────────────────────┤
│ Firestore      │ localhost:8080 │ http://localhost:4001/firestore │
├────────────────┼────────────────┼─────────────────────────────────┤
│ Pub/Sub        │ localhost:8085 │ n/a                             │
└────────────────┴────────────────┴─────────────────────────────────┘
  Emulator Hub running at localhost:4401
  Other reserved ports: 4501

Issues? Report them at https://github.com/firebase/firebase-tools/issues and attach the *-debug.log files.
 
[debug] [2022-08-29T07:00:41.486Z] File C:\Users\thech\Documents\Summer 2022\Headstart\plivo-mock\cloud\functions\index.js changed, reloading triggers {"metadata":{"emulator":{"name":"functions"},"message":"File C:\\Users\\thech\\Documents\\Summer 2022\\Headstart\\plivo-mock\\cloud\\functions\\index.js changed, reloading triggers"}}
[debug] [2022-08-29T07:00:42.487Z] Validating nodejs source
[debug] [2022-08-29T07:00:44.487Z] > [functions] package.json contents: {
  "name": "functions",
  "description": "Cloud Functions for Firebase",
  "scripts": {
    "lint": "eslint .",
    "serve": "firebase emulators:start --only functions",
    "shell": "firebase functions:shell",
    "start": "npm run shell",
    "deploy": "firebase deploy --only functions",
    "logs": "firebase functions:log"
  },
  "engines": {
    "node": "16"
  },
  "main": "index.js",
  "dependencies": {
    "@sendgrid/mail": "^7.7.0",
    "firebase-admin": "^10.3.0",
    "firebase-functions": "^3.22.0"
  },
  "devDependencies": {
    "eslint": "^8.9.0",
    "eslint-config-google": "^0.14.0",
    "firebase-functions-test": "^0.2.0"
  },
  "private": true
}
[debug] [2022-08-29T07:00:44.487Z] Building nodejs source
[debug] [2022-08-29T07:00:44.487Z] Analyzing nodejs backend spec
[debug] [2022-08-29T07:00:44.488Z] Could not find functions.yaml. Must use http discovery
[debug] [2022-08-29T07:00:44.647Z] Serving at port 9005

[debug] [2022-08-29T07:00:44.749Z] Got response from /__/functions.yaml {"endpoints":{"getemail":{"platform":"gcfv1","httpsTrigger":{},"entryPoint":"getemail"},"postemails":{"platform":"gcfv1","httpsTrigger":{},"entryPoint":"postemails"}},"specVersion":"v1alpha1","requiredAPIs":[]}
[debug] [2022-08-29T07:00:44.753Z] shutdown requested via /__/quitquitquit

[info] +  functions: Loaded functions definitions from source: getemail, postemails. {"metadata":{"emulator":{"name":"functions"},"message":"Loaded functions definitions from source: getemail, postemails."}}
[debug] [2022-08-29T07:01:01.563Z] [work-queue] {"queueLength":1,"workRunningCount":0}
[debug] [2022-08-29T07:01:01.563Z] [work-queue] {"queueLength":0,"workRunningCount":1}
[debug] [2022-08-29T07:01:01.563Z] Accepted request POST /plivo-mock/us-central1/postemails --> us-central1-postemails
[debug] [2022-08-29T07:01:01.571Z] [worker-pool] addWorker(us-central1-postemails) {"metadata":{"emulator":{"name":"functions"},"message":"[worker-pool] addWorker(us-central1-postemails)"}}
[debug] [2022-08-29T07:01:01.571Z] [worker-pool] Adding worker with key us-central1-postemails, total=1 {"metadata":{"emulator":{"name":"functions"},"message":"[worker-pool] Adding worker with key us-central1-postemails, total=1"}}
[debug] [2022-08-29T07:01:01.571Z] [worker-pool] submitWork(triggerId=us-central1-postemails) {"metadata":{"emulator":{"name":"functions"},"message":"[worker-pool] submitWork(triggerId=us-central1-postemails)"}}
[debug] [2022-08-29T07:01:01.572Z] [worker-us-central1-postemails-d8d3317d-211a-42df-b22f-d6c5016664da]: BUSY {"metadata":{"emulator":{"name":"functions"},"message":"[worker-us-central1-postemails-d8d3317d-211a-42df-b22f-d6c5016664da]: BUSY"}}
[debug] [2022-08-29T07:01:02.511Z] [runtime-status] [6092] Resolved module firebase-admin {"declared":true,"installed":true,"version":"10.3.0","resolution":"C:\\Users\\thech\\Documents\\Summer 2022\\Headstart\\plivo-mock\\cloud\\functions\\node_modules\\firebase-admin\\lib\\index.js"} {"metadata":{"emulator":{"name":"functions"},"function":{"name":"us-central1-postemails"},"extension":{},"message":"[runtime-status] [6092] Resolved module firebase-admin {\"declared\":true,\"installed\":true,\"version\":\"10.3.0\",\"resolution\":\"C:\\\\Users\\\\thech\\\\Documents\\\\Summer 2022\\\\Headstart\\\\plivo-mock\\\\cloud\\\\functions\\\\node_modules\\\\firebase-admin\\\\lib\\\\index.js\"}"}}
[debug] [2022-08-29T07:01:02.512Z] [runtime-status] [6092] Resolved module firebase-functions {"declared":true,"installed":true,"version":"3.22.0","resolution":"C:\\Users\\thech\\Documents\\Summer 2022\\Headstart\\plivo-mock\\cloud\\functions\\node_modules\\firebase-functions\\lib\\index.js"} {"metadata":{"emulator":{"name":"functions"},"function":{"name":"us-central1-postemails"},"extension":{},"message":"[runtime-status] [6092] Resolved module firebase-functions {\"declared\":true,\"installed\":true,\"version\":\"3.22.0\",\"resolution\":\"C:\\\\Users\\\\thech\\\\Documents\\\\Summer 2022\\\\Headstart\\\\plivo-mock\\\\cloud\\\\functions\\\\node_modules\\\\firebase-functions\\\\lib\\\\index.js\"}"}}
[debug] [2022-08-29T07:01:02.512Z] [runtime-status] [6092] Outgoing network have been stubbed. [{"name":"http","status":"mocked"},{"name":"http","status":"mocked"},{"name":"https","status":"mocked"},{"name":"https","status":"mocked"},{"name":"net","status":"mocked"}] {"metadata":{"emulator":{"name":"functions"},"function":{"name":"us-central1-postemails"},"extension":{},"message":"[runtime-status] [6092] Outgoing network have been stubbed. [{\"name\":\"http\",\"status\":\"mocked\"},{\"name\":\"http\",\"status\":\"mocked\"},{\"name\":\"https\",\"status\":\"mocked\"},{\"name\":\"https\",\"status\":\"mocked\"},{\"name\":\"net\",\"status\":\"mocked\"}]"}}
[debug] [2022-08-29T07:01:02.513Z] [runtime-status] [6092] Resolved module firebase-functions {"declared":true,"installed":true,"version":"3.22.0","resolution":"C:\\Users\\thech\\Documents\\Summer 2022\\Headstart\\plivo-mock\\cloud\\functions\\node_modules\\firebase-functions\\lib\\index.js"} {"metadata":{"emulator":{"name":"functions"},"function":{"name":"us-central1-postemails"},"extension":{},"message":"[runtime-status] [6092] Resolved module firebase-functions {\"declared\":true,\"installed\":true,\"version\":\"3.22.0\",\"resolution\":\"C:\\\\Users\\\\thech\\\\Documents\\\\Summer 2022\\\\Headstart\\\\plivo-mock\\\\cloud\\\\functions\\\\node_modules\\\\firebase-functions\\\\lib\\\\index.js\"}"}}
[debug] [2022-08-29T07:01:02.555Z] [runtime-status] [6092] Checked functions.config() {"config":{}} {"metadata":{"emulator":{"name":"functions"},"function":{"name":"us-central1-postemails"},"extension":{},"message":"[runtime-status] [6092] Checked functions.config() {\"config\":{}}"}}
[debug] [2022-08-29T07:01:02.555Z] [runtime-status] [6092] firebase-functions has been stubbed. {"functionsResolution":{"declared":true,"installed":true,"version":"3.22.0","resolution":"C:\\Users\\thech\\Documents\\Summer 2022\\Headstart\\plivo-mock\\cloud\\functions\\node_modules\\firebase-functions\\lib\\index.js"}} {"metadata":{"emulator":{"name":"functions"},"function":{"name":"us-central1-postemails"},"extension":{},"message":"[runtime-status] [6092] firebase-functions has been stubbed. {\"functionsResolution\":{\"declared\":true,\"installed\":true,\"version\":\"3.22.0\",\"resolution\":\"C:\\\\Users\\\\thech\\\\Documents\\\\Summer 2022\\\\Headstart\\\\plivo-mock\\\\cloud\\\\functions\\\\node_modules\\\\firebase-functions\\\\lib\\\\index.js\"}}"}}
[debug] [2022-08-29T07:01:02.556Z] [runtime-status] [6092] Resolved module firebase-functions {"declared":true,"installed":true,"version":"3.22.0","resolution":"C:\\Users\\thech\\Documents\\Summer 2022\\Headstart\\plivo-mock\\cloud\\functions\\node_modules\\firebase-functions\\lib\\index.js"} {"metadata":{"emulator":{"name":"functions"},"function":{"name":"us-central1-postemails"},"extension":{},"message":"[runtime-status] [6092] Resolved module firebase-functions {\"declared\":true,\"installed\":true,\"version\":\"3.22.0\",\"resolution\":\"C:\\\\Users\\\\thech\\\\Documents\\\\Summer 2022\\\\Headstart\\\\plivo-mock\\\\cloud\\\\functions\\\\node_modules\\\\firebase-functions\\\\lib\\\\index.js\"}"}}
[debug] [2022-08-29T07:01:02.557Z] [runtime-status] [6092] Resolved module firebase-admin {"declared":true,"installed":true,"version":"10.3.0","resolution":"C:\\Users\\thech\\Documents\\Summer 2022\\Headstart\\plivo-mock\\cloud\\functions\\node_modules\\firebase-admin\\lib\\index.js"} {"metadata":{"emulator":{"name":"functions"},"function":{"name":"us-central1-postemails"},"extension":{},"message":"[runtime-status] [6092] Resolved module firebase-admin {\"declared\":true,\"installed\":true,\"version\":\"10.3.0\",\"resolution\":\"C:\\\\Users\\\\thech\\\\Documents\\\\Summer 2022\\\\Headstart\\\\plivo-mock\\\\cloud\\\\functions\\\\node_modules\\\\firebase-admin\\\\lib\\\\index.js\"}"}}
[debug] [2022-08-29T07:01:02.557Z] [runtime-status] [6092] Resolved module firebase-functions {"declared":true,"installed":true,"version":"3.22.0","resolution":"C:\\Users\\thech\\Documents\\Summer 2022\\Headstart\\plivo-mock\\cloud\\functions\\node_modules\\firebase-functions\\lib\\index.js"} {"metadata":{"emulator":{"name":"functions"},"function":{"name":"us-central1-postemails"},"extension":{},"message":"[runtime-status] [6092] Resolved module firebase-functions {\"declared\":true,\"installed\":true,\"version\":\"3.22.0\",\"resolution\":\"C:\\\\Users\\\\thech\\\\Documents\\\\Summer 2022\\\\Headstart\\\\plivo-mock\\\\cloud\\\\functions\\\\node_modules\\\\firebase-functions\\\\lib\\\\index.js\"}"}}
[debug] [2022-08-29T07:01:02.558Z] [runtime-status] [6092] firebase-admin has been stubbed. {"adminResolution":{"declared":true,"installed":true,"version":"10.3.0","resolution":"C:\\Users\\thech\\Documents\\Summer 2022\\Headstart\\plivo-mock\\cloud\\functions\\node_modules\\firebase-admin\\lib\\index.js"}} {"metadata":{"emulator":{"name":"functions"},"function":{"name":"us-central1-postemails"},"extension":{},"message":"[runtime-status] [6092] firebase-admin has been stubbed. {\"adminResolution\":{\"declared\":true,\"installed\":true,\"version\":\"10.3.0\",\"resolution\":\"C:\\\\Users\\\\thech\\\\Documents\\\\Summer 2022\\\\Headstart\\\\plivo-mock\\\\cloud\\\\functions\\\\node_modules\\\\firebase-admin\\\\lib\\\\index.js\"}}"}}
[debug] [2022-08-29T07:01:02.558Z] [runtime-status] [6092] Functions runtime initialized. {"cwd":"C:\\Users\\thech\\Documents\\Summer 2022\\Headstart\\plivo-mock\\cloud\\functions","node_version":"17.9.0"} {"metadata":{"emulator":{"name":"functions"},"function":{"name":"us-central1-postemails"},"extension":{},"message":"[runtime-status] [6092] Functions runtime initialized. {\"cwd\":\"C:\\\\Users\\\\thech\\\\Documents\\\\Summer 2022\\\\Headstart\\\\plivo-mock\\\\cloud\\\\functions\",\"node_version\":\"17.9.0\"}"}}
[warn] !  It looks like you're trying to access functions.config().firebase but there is no value there. You can learn more about setting up config here: https://firebase.google.com/docs/functions/local-emulator {"metadata":{"emulator":{"name":"functions"},"function":{"name":"us-central1-postemails"},"extension":{},"message":"It looks like you're trying to access functions.config().firebase but there is no value there. You can learn more about setting up config here: https://firebase.google.com/docs/functions/local-emulator"}}
[debug] [2022-08-29T07:01:02.593Z] [runtime-status] [6092] initializeApp(DEFAULT) {"storageBucket":"plivo-mock.appspot.com","databaseURL":"https://plivo-mock-default-rtdb.firebaseio.com","projectId":"plivo-mock"} {"metadata":{"emulator":{"name":"functions"},"function":{"name":"us-central1-postemails"},"extension":{},"message":"[runtime-status] [6092] initializeApp(DEFAULT) {\"storageBucket\":\"plivo-mock.appspot.com\",\"databaseURL\":\"https://plivo-mock-default-rtdb.firebaseio.com\",\"projectId\":\"plivo-mock\"}"}}
[debug] [2022-08-29T07:01:02.615Z] [runtime-status] [6092] Beginning invocation function postemails! {"metadata":{"emulator":{"name":"functions"},"function":{"name":"us-central1-postemails"},"extension":{},"message":"[runtime-status] [6092] Beginning invocation function postemails!"}}
[info] i  functions: Beginning execution of "postemails" {"metadata":{"emulator":{"name":"functions"},"function":{"name":"us-central1-postemails"},"extension":{},"message":"Beginning execution of \"postemails\""}}
[debug] [2022-08-29T07:01:02.616Z] [runtime-status] [6092] Running postemails in signature http {"metadata":{"emulator":{"name":"functions"},"function":{"name":"us-central1-postemails"},"extension":{},"message":"[runtime-status] [6092] Running postemails in signature http"}}
[debug] [2022-08-29T07:01:02.619Z] [runtime-status] [6092] Listening to port: \\?\pipe\fire_emu_b072e60b145cf762 {"metadata":{"emulator":{"name":"functions"},"function":{"name":"us-central1-postemails"},"extension":{},"message":"[runtime-status] [6092] Listening to port: \\\\?\\pipe\\fire_emu_b072e60b145cf762"}}
[debug] [2022-08-29T07:01:02.695Z] [functions] Runtime ready! Sending request! {"metadata":{"emulator":{"name":"functions"},"message":"[functions] Runtime ready! Sending request!"}}
[debug] [2022-08-29T07:01:02.695Z] [functions] Got req.url=/plivo-mock/us-central1/postemails, mapping to path=/ {"metadata":{"emulator":{"name":"functions"},"message":"[functions] Got req.url=/plivo-mock/us-central1/postemails, mapping to path=/"}}
[info] >  SyntaxError: Unexpected token / in JSON at position 3 {"user":"SyntaxError: Unexpected token / in JSON at position 3","metadata":{"emulator":{"name":"functions"},"function":{"name":"us-central1-postemails"},"extension":{},"message":"\u001b[90m> \u001b[39m SyntaxError: Unexpected token / in JSON at position 3"}}
[info] >      at JSON.parse (<anonymous>) {"user":"    at JSON.parse (<anonymous>)","metadata":{"emulator":{"name":"functions"},"function":{"name":"us-central1-postemails"},"extension":{},"message":"\u001b[90m> \u001b[39m     at JSON.parse (<anonymous>)"}}
[info] >      at parse (C:\Users\thech\AppData\Roaming\npm\node_modules\firebase-tools\node_modules\body-parser\lib\types\json.js:89:19) {"user":"    at parse (C:\\Users\\thech\\AppData\\Roaming\\npm\\node_modules\\firebase-tools\\node_modules\\body-parser\\lib\\types\\json.js:89:19)","metadata":{"emulator":{"name":"functions"},"function":{"name":"us-central1-postemails"},"extension":{},"message":"\u001b[90m> \u001b[39m     at parse (C:\\Users\\thech\\AppData\\Roaming\\npm\\node_modules\\firebase-tools\\node_modules\\body-parser\\lib\\types\\json.js:89:19)"}}
[info] >      at C:\Users\thech\AppData\Roaming\npm\node_modules\firebase-tools\node_modules\body-parser\lib\read.js:121:18 {"user":"    at C:\\Users\\thech\\AppData\\Roaming\\npm\\node_modules\\firebase-tools\\node_modules\\body-parser\\lib\\read.js:121:18","metadata":{"emulator":{"name":"functions"},"function":{"name":"us-central1-postemails"},"extension":{},"message":"\u001b[90m> \u001b[39m     at C:\\Users\\thech\\AppData\\Roaming\\npm\\node_modules\\firebase-tools\\node_modules\\body-parser\\lib\\read.js:121:18"}}
[info] >      at invokeCallback (C:\Users\thech\AppData\Roaming\npm\node_modules\firebase-tools\node_modules\raw-body\index.js:224:16) {"user":"    at invokeCallback (C:\\Users\\thech\\AppData\\Roaming\\npm\\node_modules\\firebase-tools\\node_modules\\raw-body\\index.js:224:16)","metadata":{"emulator":{"name":"functions"},"function":{"name":"us-central1-postemails"},"extension":{},"message":"\u001b[90m> \u001b[39m     at invokeCallback (C:\\Users\\thech\\AppData\\Roaming\\npm\\node_modules\\firebase-tools\\node_modules\\raw-body\\index.js:224:16)"}}
[info] >      at done (C:\Users\thech\AppData\Roaming\npm\node_modules\firebase-tools\node_modules\raw-body\index.js:213:7) {"user":"    at done (C:\\Users\\thech\\AppData\\Roaming\\npm\\node_modules\\firebase-tools\\node_modules\\raw-body\\index.js:213:7)","metadata":{"emulator":{"name":"functions"},"function":{"name":"us-central1-postemails"},"extension":{},"message":"\u001b[90m> \u001b[39m     at done (C:\\Users\\thech\\AppData\\Roaming\\npm\\node_modules\\firebase-tools\\node_modules\\raw-body\\index.js:213:7)"}}
[info] >      at IncomingMessage.onEnd (C:\Users\thech\AppData\Roaming\npm\node_modules\firebase-tools\node_modules\raw-body\index.js:273:7) {"user":"    at IncomingMessage.onEnd (C:\\Users\\thech\\AppData\\Roaming\\npm\\node_modules\\firebase-tools\\node_modules\\raw-body\\index.js:273:7)","metadata":{"emulator":{"name":"functions"},"function":{"name":"us-central1-postemails"},"extension":{},"message":"\u001b[90m> \u001b[39m     at IncomingMessage.onEnd (C:\\Users\\thech\\AppData\\Roaming\\npm\\node_modules\\firebase-tools\\node_modules\\raw-body\\index.js:273:7)"}}
[info] >      at IncomingMessage.emit (node:events:539:35) {"user":"    at IncomingMessage.emit (node:events:539:35)","metadata":{"emulator":{"name":"functions"},"function":{"name":"us-central1-postemails"},"extension":{},"message":"\u001b[90m> \u001b[39m     at IncomingMessage.emit (node:events:539:35)"}}
[info] >      at endReadableNT (node:internal/streams/readable:1345:12) {"user":"    at endReadableNT (node:internal/streams/readable:1345:12)","metadata":{"emulator":{"name":"functions"},"function":{"name":"us-central1-postemails"},"extension":{},"message":"\u001b[90m> \u001b[39m     at endReadableNT (node:internal/streams/readable:1345:12)"}}
[info] >      at processTicksAndRejections (node:internal/process/task_queues:83:21) {"user":"    at processTicksAndRejections (node:internal/process/task_queues:83:21)","metadata":{"emulator":{"name":"functions"},"function":{"name":"us-central1-postemails"},"extension":{},"message":"\u001b[90m> \u001b[39m     at processTicksAndRejections (node:internal/process/task_queues:83:21)"}}
[debug] [2022-08-29T07:01:29.603Z] File C:\Users\thech\Documents\Summer 2022\Headstart\plivo-mock\cloud\functions\index.js changed, reloading triggers {"metadata":{"emulator":{"name":"functions"},"message":"File C:\\Users\\thech\\Documents\\Summer 2022\\Headstart\\plivo-mock\\cloud\\functions\\index.js changed, reloading triggers"}}
[debug] [2022-08-29T07:01:30.604Z] Validating nodejs source
[debug] [2022-08-29T07:01:32.779Z] > [functions] package.json contents: {
  "name": "functions",
  "description": "Cloud Functions for Firebase",
  "scripts": {
    "lint": "eslint .",
    "serve": "firebase emulators:start --only functions",
    "shell": "firebase functions:shell",
    "start": "npm run shell",
    "deploy": "firebase deploy --only functions",
    "logs": "firebase functions:log"
  },
  "engines": {
    "node": "16"
  },
  "main": "index.js",
  "dependencies": {
    "@sendgrid/mail": "^7.7.0",
    "firebase-admin": "^10.3.0",
    "firebase-functions": "^3.22.0"
  },
  "devDependencies": {
    "eslint": "^8.9.0",
    "eslint-config-google": "^0.14.0",
    "firebase-functions-test": "^0.2.0"
  },
  "private": true
}
[debug] [2022-08-29T07:01:32.779Z] Building nodejs source
[debug] [2022-08-29T07:01:32.779Z] Analyzing nodejs backend spec
[debug] [2022-08-29T07:01:32.780Z] Could not find functions.yaml. Must use http discovery
[debug] [2022-08-29T07:01:32.945Z] Got response from /__/functions.yaml {"endpoints":{"getemail":{"platform":"gcfv1","httpsTrigger":{},"entryPoint":"getemail"},"postemails":{"platform":"gcfv1","httpsTrigger":{},"entryPoint":"postemails"}},"specVersion":"v1alpha1","requiredAPIs":[]}
[debug] [2022-08-29T07:01:32.952Z] Serving at port 9005

[debug] [2022-08-29T07:01:34.633Z] [work-queue] {"queueLength":1,"workRunningCount":1}
[debug] [2022-08-29T07:01:34.633Z] [work-queue] {"queueLength":0,"workRunningCount":2}
[debug] [2022-08-29T07:01:34.634Z] Accepted request POST /plivo-mock/us-central1/postemails --> us-central1-postemails
[debug] [2022-08-29T07:01:34.638Z] [worker-pool] addWorker(us-central1-postemails) {"metadata":{"emulator":{"name":"functions"},"message":"[worker-pool] addWorker(us-central1-postemails)"}}
[debug] [2022-08-29T07:01:34.639Z] [worker-pool] Adding worker with key us-central1-postemails, total=2 {"metadata":{"emulator":{"name":"functions"},"message":"[worker-pool] Adding worker with key us-central1-postemails, total=2"}}
[debug] [2022-08-29T07:01:34.639Z] [worker-pool] submitWork(triggerId=us-central1-postemails) {"metadata":{"emulator":{"name":"functions"},"message":"[worker-pool] submitWork(triggerId=us-central1-postemails)"}}
[debug] [2022-08-29T07:01:34.639Z] [worker-us-central1-postemails-0dcb961b-d144-424f-be9e-0fb3bc1eaa6d]: BUSY {"metadata":{"emulator":{"name":"functions"},"message":"[worker-us-central1-postemails-0dcb961b-d144-424f-be9e-0fb3bc1eaa6d]: BUSY"}}
[debug] [2022-08-29T07:01:35.592Z] [runtime-status] [16968] Resolved module firebase-admin {"declared":true,"installed":true,"version":"10.3.0","resolution":"C:\\Users\\thech\\Documents\\Summer 2022\\Headstart\\plivo-mock\\cloud\\functions\\node_modules\\firebase-admin\\lib\\index.js"} {"metadata":{"emulator":{"name":"functions"},"function":{"name":"us-central1-postemails"},"extension":{},"message":"[runtime-status] [16968] Resolved module firebase-admin {\"declared\":true,\"installed\":true,\"version\":\"10.3.0\",\"resolution\":\"C:\\\\Users\\\\thech\\\\Documents\\\\Summer 2022\\\\Headstart\\\\plivo-mock\\\\cloud\\\\functions\\\\node_modules\\\\firebase-admin\\\\lib\\\\index.js\"}"}}
[debug] [2022-08-29T07:01:35.594Z] [runtime-status] [16968] Resolved module firebase-functions {"declared":true,"installed":true,"version":"3.22.0","resolution":"C:\\Users\\thech\\Documents\\Summer 2022\\Headstart\\plivo-mock\\cloud\\functions\\node_modules\\firebase-functions\\lib\\index.js"} {"metadata":{"emulator":{"name":"functions"},"function":{"name":"us-central1-postemails"},"extension":{},"message":"[runtime-status] [16968] Resolved module firebase-functions {\"declared\":true,\"installed\":true,\"version\":\"3.22.0\",\"resolution\":\"C:\\\\Users\\\\thech\\\\Documents\\\\Summer 2022\\\\Headstart\\\\plivo-mock\\\\cloud\\\\functions\\\\node_modules\\\\firebase-functions\\\\lib\\\\index.js\"}"}}
[debug] [2022-08-29T07:01:35.594Z] [runtime-status] [16968] Outgoing network have been stubbed. [{"name":"http","status":"mocked"},{"name":"http","status":"mocked"},{"name":"https","status":"mocked"},{"name":"https","status":"mocked"},{"name":"net","status":"mocked"}] {"metadata":{"emulator":{"name":"functions"},"function":{"name":"us-central1-postemails"},"extension":{},"message":"[runtime-status] [16968] Outgoing network have been stubbed. [{\"name\":\"http\",\"status\":\"mocked\"},{\"name\":\"http\",\"status\":\"mocked\"},{\"name\":\"https\",\"status\":\"mocked\"},{\"name\":\"https\",\"status\":\"mocked\"},{\"name\":\"net\",\"status\":\"mocked\"}]"}}
[debug] [2022-08-29T07:01:35.594Z] [runtime-status] [16968] Resolved module firebase-functions {"declared":true,"installed":true,"version":"3.22.0","resolution":"C:\\Users\\thech\\Documents\\Summer 2022\\Headstart\\plivo-mock\\cloud\\functions\\node_modules\\firebase-functions\\lib\\index.js"} {"metadata":{"emulator":{"name":"functions"},"function":{"name":"us-central1-postemails"},"extension":{},"message":"[runtime-status] [16968] Resolved module firebase-functions {\"declared\":true,\"installed\":true,\"version\":\"3.22.0\",\"resolution\":\"C:\\\\Users\\\\thech\\\\Documents\\\\Summer 2022\\\\Headstart\\\\plivo-mock\\\\cloud\\\\functions\\\\node_modules\\\\firebase-functions\\\\lib\\\\index.js\"}"}}
[debug] [2022-08-29T07:01:35.637Z] [runtime-status] [16968] Checked functions.config() {"config":{}} {"metadata":{"emulator":{"name":"functions"},"function":{"name":"us-central1-postemails"},"extension":{},"message":"[runtime-status] [16968] Checked functions.config() {\"config\":{}}"}}
[debug] [2022-08-29T07:01:35.637Z] [runtime-status] [16968] firebase-functions has been stubbed. {"functionsResolution":{"declared":true,"installed":true,"version":"3.22.0","resolution":"C:\\Users\\thech\\Documents\\Summer 2022\\Headstart\\plivo-mock\\cloud\\functions\\node_modules\\firebase-functions\\lib\\index.js"}} {"metadata":{"emulator":{"name":"functions"},"function":{"name":"us-central1-postemails"},"extension":{},"message":"[runtime-status] [16968] firebase-functions has been stubbed. {\"functionsResolution\":{\"declared\":true,\"installed\":true,\"version\":\"3.22.0\",\"resolution\":\"C:\\\\Users\\\\thech\\\\Documents\\\\Summer 2022\\\\Headstart\\\\plivo-mock\\\\cloud\\\\functions\\\\node_modules\\\\firebase-functions\\\\lib\\\\index.js\"}}"}}
[debug] [2022-08-29T07:01:35.638Z] [runtime-status] [16968] Resolved module firebase-functions {"declared":true,"installed":true,"version":"3.22.0","resolution":"C:\\Users\\thech\\Documents\\Summer 2022\\Headstart\\plivo-mock\\cloud\\functions\\node_modules\\firebase-functions\\lib\\index.js"} {"metadata":{"emulator":{"name":"functions"},"function":{"name":"us-central1-postemails"},"extension":{},"message":"[runtime-status] [16968] Resolved module firebase-functions {\"declared\":true,\"installed\":true,\"version\":\"3.22.0\",\"resolution\":\"C:\\\\Users\\\\thech\\\\Documents\\\\Summer 2022\\\\Headstart\\\\plivo-mock\\\\cloud\\\\functions\\\\node_modules\\\\firebase-functions\\\\lib\\\\index.js\"}"}}
[debug] [2022-08-29T07:01:35.639Z] [runtime-status] [16968] Resolved module firebase-admin {"declared":true,"installed":true,"version":"10.3.0","resolution":"C:\\Users\\thech\\Documents\\Summer 2022\\Headstart\\plivo-mock\\cloud\\functions\\node_modules\\firebase-admin\\lib\\index.js"} {"metadata":{"emulator":{"name":"functions"},"function":{"name":"us-central1-postemails"},"extension":{},"message":"[runtime-status] [16968] Resolved module firebase-admin {\"declared\":true,\"installed\":true,\"version\":\"10.3.0\",\"resolution\":\"C:\\\\Users\\\\thech\\\\Documents\\\\Summer 2022\\\\Headstart\\\\plivo-mock\\\\cloud\\\\functions\\\\node_modules\\\\firebase-admin\\\\lib\\\\index.js\"}"}}
[debug] [2022-08-29T07:01:35.639Z] [runtime-status] [16968] Resolved module firebase-functions {"declared":true,"installed":true,"version":"3.22.0","resolution":"C:\\Users\\thech\\Documents\\Summer 2022\\Headstart\\plivo-mock\\cloud\\functions\\node_modules\\firebase-functions\\lib\\index.js"} {"metadata":{"emulator":{"name":"functions"},"function":{"name":"us-central1-postemails"},"extension":{},"message":"[runtime-status] [16968] Resolved module firebase-functions {\"declared\":true,\"installed\":true,\"version\":\"3.22.0\",\"resolution\":\"C:\\\\Users\\\\thech\\\\Documents\\\\Summer 2022\\\\Headstart\\\\plivo-mock\\\\cloud\\\\functions\\\\node_modules\\\\firebase-functions\\\\lib\\\\index.js\"}"}}
[debug] [2022-08-29T07:01:35.640Z] [runtime-status] [16968] firebase-admin has been stubbed. {"adminResolution":{"declared":true,"installed":true,"version":"10.3.0","resolution":"C:\\Users\\thech\\Documents\\Summer 2022\\Headstart\\plivo-mock\\cloud\\functions\\node_modules\\firebase-admin\\lib\\index.js"}} {"metadata":{"emulator":{"name":"functions"},"function":{"name":"us-central1-postemails"},"extension":{},"message":"[runtime-status] [16968] firebase-admin has been stubbed. {\"adminResolution\":{\"declared\":true,\"installed\":true,\"version\":\"10.3.0\",\"resolution\":\"C:\\\\Users\\\\thech\\\\Documents\\\\Summer 2022\\\\Headstart\\\\plivo-mock\\\\cloud\\\\functions\\\\node_modules\\\\firebase-admin\\\\lib\\\\index.js\"}}"}}
[debug] [2022-08-29T07:01:35.640Z] [runtime-status] [16968] Functions runtime initialized. {"cwd":"C:\\Users\\thech\\Documents\\Summer 2022\\Headstart\\plivo-mock\\cloud\\functions","node_version":"17.9.0"} {"metadata":{"emulator":{"name":"functions"},"function":{"name":"us-central1-postemails"},"extension":{},"message":"[runtime-status] [16968] Functions runtime initialized. {\"cwd\":\"C:\\\\Users\\\\thech\\\\Documents\\\\Summer 2022\\\\Headstart\\\\plivo-mock\\\\cloud\\\\functions\",\"node_version\":\"17.9.0\"}"}}
[debug] [2022-08-29T07:01:35.671Z] [runtime-status] [16968] initializeApp(DEFAULT) {"storageBucket":"plivo-mock.appspot.com","databaseURL":"https://plivo-mock-default-rtdb.firebaseio.com","projectId":"plivo-mock"} {"metadata":{"emulator":{"name":"functions"},"function":{"name":"us-central1-postemails"},"extension":{},"message":"[runtime-status] [16968] initializeApp(DEFAULT) {\"storageBucket\":\"plivo-mock.appspot.com\",\"databaseURL\":\"https://plivo-mock-default-rtdb.firebaseio.com\",\"projectId\":\"plivo-mock\"}"}}
[debug] [2022-08-29T07:01:35.691Z] [runtime-status] [16968] Beginning invocation function postemails! {"metadata":{"emulator":{"name":"functions"},"function":{"name":"us-central1-postemails"},"extension":{},"message":"[runtime-status] [16968] Beginning invocation function postemails!"}}
[info] i  functions: Beginning execution of "postemails" {"metadata":{"emulator":{"name":"functions"},"function":{"name":"us-central1-postemails"},"extension":{},"message":"Beginning execution of \"postemails\""}}
[debug] [2022-08-29T07:01:35.692Z] [runtime-status] [16968] Running postemails in signature http {"metadata":{"emulator":{"name":"functions"},"function":{"name":"us-central1-postemails"},"extension":{},"message":"[runtime-status] [16968] Running postemails in signature http"}}
[debug] [2022-08-29T07:01:35.696Z] [runtime-status] [16968] Listening to port: \\?\pipe\fire_emu_87769ed5f733e0ae {"metadata":{"emulator":{"name":"functions"},"function":{"name":"us-central1-postemails"},"extension":{},"message":"[runtime-status] [16968] Listening to port: \\\\?\\pipe\\fire_emu_87769ed5f733e0ae"}}
[debug] [2022-08-29T07:01:35.760Z] [functions] Runtime ready! Sending request! {"metadata":{"emulator":{"name":"functions"},"message":"[functions] Runtime ready! Sending request!"}}
[debug] [2022-08-29T07:01:35.761Z] [functions] Got req.url=/plivo-mock/us-central1/postemails, mapping to path=/ {"metadata":{"emulator":{"name":"functions"},"message":"[functions] Got req.url=/plivo-mock/us-central1/postemails, mapping to path=/"}}
[info] >  SyntaxError: Unexpected token / in JSON at position 3 {"user":"SyntaxError: Unexpected token / in JSON at position 3","metadata":{"emulator":{"name":"functions"},"function":{"name":"us-central1-postemails"},"extension":{},"message":"\u001b[90m> \u001b[39m SyntaxError: Unexpected token / in JSON at position 3"}}
[info] >      at JSON.parse (<anonymous>) {"user":"    at JSON.parse (<anonymous>)","metadata":{"emulator":{"name":"functions"},"function":{"name":"us-central1-postemails"},"extension":{},"message":"\u001b[90m> \u001b[39m     at JSON.parse (<anonymous>)"}}
[info] >      at parse (C:\Users\thech\AppData\Roaming\npm\node_modules\firebase-tools\node_modules\body-parser\lib\types\json.js:89:19) {"user":"    at parse (C:\\Users\\thech\\AppData\\Roaming\\npm\\node_modules\\firebase-tools\\node_modules\\body-parser\\lib\\types\\json.js:89:19)","metadata":{"emulator":{"name":"functions"},"function":{"name":"us-central1-postemails"},"extension":{},"message":"\u001b[90m> \u001b[39m     at parse (C:\\Users\\thech\\AppData\\Roaming\\npm\\node_modules\\firebase-tools\\node_modules\\body-parser\\lib\\types\\json.js:89:19)"}}
[info] >      at C:\Users\thech\AppData\Roaming\npm\node_modules\firebase-tools\node_modules\body-parser\lib\read.js:121:18 {"user":"    at C:\\Users\\thech\\AppData\\Roaming\\npm\\node_modules\\firebase-tools\\node_modules\\body-parser\\lib\\read.js:121:18","metadata":{"emulator":{"name":"functions"},"function":{"name":"us-central1-postemails"},"extension":{},"message":"\u001b[90m> \u001b[39m     at C:\\Users\\thech\\AppData\\Roaming\\npm\\node_modules\\firebase-tools\\node_modules\\body-parser\\lib\\read.js:121:18"}}
[info] >      at invokeCallback (C:\Users\thech\AppData\Roaming\npm\node_modules\firebase-tools\node_modules\raw-body\index.js:224:16) {"user":"    at invokeCallback (C:\\Users\\thech\\AppData\\Roaming\\npm\\node_modules\\firebase-tools\\node_modules\\raw-body\\index.js:224:16)","metadata":{"emulator":{"name":"functions"},"function":{"name":"us-central1-postemails"},"extension":{},"message":"\u001b[90m> \u001b[39m     at invokeCallback (C:\\Users\\thech\\AppData\\Roaming\\npm\\node_modules\\firebase-tools\\node_modules\\raw-body\\index.js:224:16)"}}
[info] >      at done (C:\Users\thech\AppData\Roaming\npm\node_modules\firebase-tools\node_modules\raw-body\index.js:213:7) {"user":"    at done (C:\\Users\\thech\\AppData\\Roaming\\npm\\node_modules\\firebase-tools\\node_modules\\raw-body\\index.js:213:7)","metadata":{"emulator":{"name":"functions"},"function":{"name":"us-central1-postemails"},"extension":{},"message":"\u001b[90m> \u001b[39m     at done (C:\\Users\\thech\\AppData\\Roaming\\npm\\node_modules\\firebase-tools\\node_modules\\raw-body\\index.js:213:7)"}}
[info] >      at IncomingMessage.onEnd (C:\Users\thech\AppData\Roaming\npm\node_modules\firebase-tools\node_modules\raw-body\index.js:273:7) {"user":"    at IncomingMessage.onEnd (C:\\Users\\thech\\AppData\\Roaming\\npm\\node_modules\\firebase-tools\\node_modules\\raw-body\\index.js:273:7)","metadata":{"emulator":{"name":"functions"},"function":{"name":"us-central1-postemails"},"extension":{},"message":"\u001b[90m> \u001b[39m     at IncomingMessage.onEnd (C:\\Users\\thech\\AppData\\Roaming\\npm\\node_modules\\firebase-tools\\node_modules\\raw-body\\index.js:273:7)"}}
[info] >      at IncomingMessage.emit (node:events:539:35) {"user":"    at IncomingMessage.emit (node:events:539:35)","metadata":{"emulator":{"name":"functions"},"function":{"name":"us-central1-postemails"},"extension":{},"message":"\u001b[90m> \u001b[39m     at IncomingMessage.emit (node:events:539:35)"}}
[info] >      at endReadableNT (node:internal/streams/readable:1345:12) {"user":"    at endReadableNT (node:internal/streams/readable:1345:12)","metadata":{"emulator":{"name":"functions"},"function":{"name":"us-central1-postemails"},"extension":{},"message":"\u001b[90m> \u001b[39m     at endReadableNT (node:internal/streams/readable:1345:12)"}}
[info] >      at processTicksAndRejections (node:internal/process/task_queues:83:21) {"user":"    at processTicksAndRejections (node:internal/process/task_queues:83:21)","metadata":{"emulator":{"name":"functions"},"function":{"name":"us-central1-postemails"},"extension":{},"message":"\u001b[90m> \u001b[39m     at processTicksAndRejections (node:internal/process/task_queues:83:21)"}}
[info] +  functions: Loaded functions definitions from source: getemail, postemails. {"metadata":{"emulator":{"name":"functions"},"message":"Loaded functions definitions from source: getemail, postemails."}}
[debug] [2022-08-29T07:01:42.953Z] [worker-pool] Marking BUSY worker to finish (us-central1-postemails) {"metadata":{"emulator":{"name":"functions"},"message":"[worker-pool] Marking BUSY worker to finish (us-central1-postemails)"}}
[debug] [2022-08-29T07:01:42.953Z] [worker-us-central1-postemails-d8d3317d-211a-42df-b22f-d6c5016664da]: FINISHING {"metadata":{"emulator":{"name":"functions"},"message":"[worker-us-central1-postemails-d8d3317d-211a-42df-b22f-d6c5016664da]: FINISHING"}}
[debug] [2022-08-29T07:01:42.953Z] [worker-pool] Marking BUSY worker to finish (us-central1-postemails) {"metadata":{"emulator":{"name":"functions"},"message":"[worker-pool] Marking BUSY worker to finish (us-central1-postemails)"}}
[debug] [2022-08-29T07:01:42.953Z] [worker-us-central1-postemails-0dcb961b-d144-424f-be9e-0fb3bc1eaa6d]: FINISHING {"metadata":{"emulator":{"name":"functions"},"message":"[worker-us-central1-postemails-0dcb961b-d144-424f-be9e-0fb3bc1eaa6d]: FINISHING"}}
[debug] [2022-08-29T07:01:49.417Z] [work-queue] {"queueLength":1,"workRunningCount":2}
[debug] [2022-08-29T07:01:49.417Z] [work-queue] {"queueLength":0,"workRunningCount":3}
[debug] [2022-08-29T07:01:49.417Z] Accepted request POST /plivo-mock/us-central1/postemails --> us-central1-postemails
[debug] [2022-08-29T07:01:49.423Z] [worker-pool] addWorker(us-central1-postemails) {"metadata":{"emulator":{"name":"functions"},"message":"[worker-pool] addWorker(us-central1-postemails)"}}
[debug] [2022-08-29T07:01:49.424Z] [worker-pool] Adding worker with key us-central1-postemails, total=3 {"metadata":{"emulator":{"name":"functions"},"message":"[worker-pool] Adding worker with key us-central1-postemails, total=3"}}
[debug] [2022-08-29T07:01:49.424Z] [worker-pool] submitWork(triggerId=us-central1-postemails) {"metadata":{"emulator":{"name":"functions"},"message":"[worker-pool] submitWork(triggerId=us-central1-postemails)"}}
[debug] [2022-08-29T07:01:49.424Z] [worker-us-central1-postemails-691dcba6-1359-4015-98db-78dad5112d36]: BUSY {"metadata":{"emulator":{"name":"functions"},"message":"[worker-us-central1-postemails-691dcba6-1359-4015-98db-78dad5112d36]: BUSY"}}
[debug] [2022-08-29T07:01:50.378Z] [runtime-status] [2656] Resolved module firebase-admin {"declared":true,"installed":true,"version":"10.3.0","resolution":"C:\\Users\\thech\\Documents\\Summer 2022\\Headstart\\plivo-mock\\cloud\\functions\\node_modules\\firebase-admin\\lib\\index.js"} {"metadata":{"emulator":{"name":"functions"},"function":{"name":"us-central1-postemails"},"extension":{},"message":"[runtime-status] [2656] Resolved module firebase-admin {\"declared\":true,\"installed\":true,\"version\":\"10.3.0\",\"resolution\":\"C:\\\\Users\\\\thech\\\\Documents\\\\Summer 2022\\\\Headstart\\\\plivo-mock\\\\cloud\\\\functions\\\\node_modules\\\\firebase-admin\\\\lib\\\\index.js\"}"}}
[debug] [2022-08-29T07:01:50.379Z] [runtime-status] [2656] Resolved module firebase-functions {"declared":true,"installed":true,"version":"3.22.0","resolution":"C:\\Users\\thech\\Documents\\Summer 2022\\Headstart\\plivo-mock\\cloud\\functions\\node_modules\\firebase-functions\\lib\\index.js"} {"metadata":{"emulator":{"name":"functions"},"function":{"name":"us-central1-postemails"},"extension":{},"message":"[runtime-status] [2656] Resolved module firebase-functions {\"declared\":true,\"installed\":true,\"version\":\"3.22.0\",\"resolution\":\"C:\\\\Users\\\\thech\\\\Documents\\\\Summer 2022\\\\Headstart\\\\plivo-mock\\\\cloud\\\\functions\\\\node_modules\\\\firebase-functions\\\\lib\\\\index.js\"}"}}
[debug] [2022-08-29T07:01:50.380Z] [runtime-status] [2656] Outgoing network have been stubbed. [{"name":"http","status":"mocked"},{"name":"http","status":"mocked"},{"name":"https","status":"mocked"},{"name":"https","status":"mocked"},{"name":"net","status":"mocked"}] {"metadata":{"emulator":{"name":"functions"},"function":{"name":"us-central1-postemails"},"extension":{},"message":"[runtime-status] [2656] Outgoing network have been stubbed. [{\"name\":\"http\",\"status\":\"mocked\"},{\"name\":\"http\",\"status\":\"mocked\"},{\"name\":\"https\",\"status\":\"mocked\"},{\"name\":\"https\",\"status\":\"mocked\"},{\"name\":\"net\",\"status\":\"mocked\"}]"}}
[debug] [2022-08-29T07:01:50.380Z] [runtime-status] [2656] Resolved module firebase-functions {"declared":true,"installed":true,"version":"3.22.0","resolution":"C:\\Users\\thech\\Documents\\Summer 2022\\Headstart\\plivo-mock\\cloud\\functions\\node_modules\\firebase-functions\\lib\\index.js"} {"metadata":{"emulator":{"name":"functions"},"function":{"name":"us-central1-postemails"},"extension":{},"message":"[runtime-status] [2656] Resolved module firebase-functions {\"declared\":true,\"installed\":true,\"version\":\"3.22.0\",\"resolution\":\"C:\\\\Users\\\\thech\\\\Documents\\\\Summer 2022\\\\Headstart\\\\plivo-mock\\\\cloud\\\\functions\\\\node_modules\\\\firebase-functions\\\\lib\\\\index.js\"}"}}
[debug] [2022-08-29T07:01:50.422Z] [runtime-status] [2656] Checked functions.config() {"config":{}} {"metadata":{"emulator":{"name":"functions"},"function":{"name":"us-central1-postemails"},"extension":{},"message":"[runtime-status] [2656] Checked functions.config() {\"config\":{}}"}}
[debug] [2022-08-29T07:01:50.422Z] [runtime-status] [2656] firebase-functions has been stubbed. {"functionsResolution":{"declared":true,"installed":true,"version":"3.22.0","resolution":"C:\\Users\\thech\\Documents\\Summer 2022\\Headstart\\plivo-mock\\cloud\\functions\\node_modules\\firebase-functions\\lib\\index.js"}} {"metadata":{"emulator":{"name":"functions"},"function":{"name":"us-central1-postemails"},"extension":{},"message":"[runtime-status] [2656] firebase-functions has been stubbed. {\"functionsResolution\":{\"declared\":true,\"installed\":true,\"version\":\"3.22.0\",\"resolution\":\"C:\\\\Users\\\\thech\\\\Documents\\\\Summer 2022\\\\Headstart\\\\plivo-mock\\\\cloud\\\\functions\\\\node_modules\\\\firebase-functions\\\\lib\\\\index.js\"}}"}}
[debug] [2022-08-29T07:01:50.423Z] [runtime-status] [2656] Resolved module firebase-functions {"declared":true,"installed":true,"version":"3.22.0","resolution":"C:\\Users\\thech\\Documents\\Summer 2022\\Headstart\\plivo-mock\\cloud\\functions\\node_modules\\firebase-functions\\lib\\index.js"} {"metadata":{"emulator":{"name":"functions"},"function":{"name":"us-central1-postemails"},"extension":{},"message":"[runtime-status] [2656] Resolved module firebase-functions {\"declared\":true,\"installed\":true,\"version\":\"3.22.0\",\"resolution\":\"C:\\\\Users\\\\thech\\\\Documents\\\\Summer 2022\\\\Headstart\\\\plivo-mock\\\\cloud\\\\functions\\\\node_modules\\\\firebase-functions\\\\lib\\\\index.js\"}"}}
[debug] [2022-08-29T07:01:50.424Z] [runtime-status] [2656] Resolved module firebase-admin {"declared":true,"installed":true,"version":"10.3.0","resolution":"C:\\Users\\thech\\Documents\\Summer 2022\\Headstart\\plivo-mock\\cloud\\functions\\node_modules\\firebase-admin\\lib\\index.js"} {"metadata":{"emulator":{"name":"functions"},"function":{"name":"us-central1-postemails"},"extension":{},"message":"[runtime-status] [2656] Resolved module firebase-admin {\"declared\":true,\"installed\":true,\"version\":\"10.3.0\",\"resolution\":\"C:\\\\Users\\\\thech\\\\Documents\\\\Summer 2022\\\\Headstart\\\\plivo-mock\\\\cloud\\\\functions\\\\node_modules\\\\firebase-admin\\\\lib\\\\index.js\"}"}}
[debug] [2022-08-29T07:01:50.424Z] [runtime-status] [2656] Resolved module firebase-functions {"declared":true,"installed":true,"version":"3.22.0","resolution":"C:\\Users\\thech\\Documents\\Summer 2022\\Headstart\\plivo-mock\\cloud\\functions\\node_modules\\firebase-functions\\lib\\index.js"} {"metadata":{"emulator":{"name":"functions"},"function":{"name":"us-central1-postemails"},"extension":{},"message":"[runtime-status] [2656] Resolved module firebase-functions {\"declared\":true,\"installed\":true,\"version\":\"3.22.0\",\"resolution\":\"C:\\\\Users\\\\thech\\\\Documents\\\\Summer 2022\\\\Headstart\\\\plivo-mock\\\\cloud\\\\functions\\\\node_modules\\\\firebase-functions\\\\lib\\\\index.js\"}"}}
[debug] [2022-08-29T07:01:50.425Z] [runtime-status] [2656] firebase-admin has been stubbed. {"adminResolution":{"declared":true,"installed":true,"version":"10.3.0","resolution":"C:\\Users\\thech\\Documents\\Summer 2022\\Headstart\\plivo-mock\\cloud\\functions\\node_modules\\firebase-admin\\lib\\index.js"}} {"metadata":{"emulator":{"name":"functions"},"function":{"name":"us-central1-postemails"},"extension":{},"message":"[runtime-status] [2656] firebase-admin has been stubbed. {\"adminResolution\":{\"declared\":true,\"installed\":true,\"version\":\"10.3.0\",\"resolution\":\"C:\\\\Users\\\\thech\\\\Documents\\\\Summer 2022\\\\Headstart\\\\plivo-mock\\\\cloud\\\\functions\\\\node_modules\\\\firebase-admin\\\\lib\\\\index.js\"}}"}}
[debug] [2022-08-29T07:01:50.425Z] [runtime-status] [2656] Functions runtime initialized. {"cwd":"C:\\Users\\thech\\Documents\\Summer 2022\\Headstart\\plivo-mock\\cloud\\functions","node_version":"17.9.0"} {"metadata":{"emulator":{"name":"functions"},"function":{"name":"us-central1-postemails"},"extension":{},"message":"[runtime-status] [2656] Functions runtime initialized. {\"cwd\":\"C:\\\\Users\\\\thech\\\\Documents\\\\Summer 2022\\\\Headstart\\\\plivo-mock\\\\cloud\\\\functions\",\"node_version\":\"17.9.0\"}"}}
[debug] [2022-08-29T07:01:50.457Z] [runtime-status] [2656] initializeApp(DEFAULT) {"storageBucket":"plivo-mock.appspot.com","databaseURL":"https://plivo-mock-default-rtdb.firebaseio.com","projectId":"plivo-mock"} {"metadata":{"emulator":{"name":"functions"},"function":{"name":"us-central1-postemails"},"extension":{},"message":"[runtime-status] [2656] initializeApp(DEFAULT) {\"storageBucket\":\"plivo-mock.appspot.com\",\"databaseURL\":\"https://plivo-mock-default-rtdb.firebaseio.com\",\"projectId\":\"plivo-mock\"}"}}
[debug] [2022-08-29T07:01:50.477Z] [runtime-status] [2656] Beginning invocation function postemails! {"metadata":{"emulator":{"name":"functions"},"function":{"name":"us-central1-postemails"},"extension":{},"message":"[runtime-status] [2656] Beginning invocation function postemails!"}}
[info] i  functions: Beginning execution of "postemails" {"metadata":{"emulator":{"name":"functions"},"function":{"name":"us-central1-postemails"},"extension":{},"message":"Beginning execution of \"postemails\""}}
[debug] [2022-08-29T07:01:50.477Z] [runtime-status] [2656] Running postemails in signature http {"metadata":{"emulator":{"name":"functions"},"function":{"name":"us-central1-postemails"},"extension":{},"message":"[runtime-status] [2656] Running postemails in signature http"}}
[debug] [2022-08-29T07:01:50.482Z] [runtime-status] [2656] Listening to port: \\?\pipe\fire_emu_3a88b3b20507e394 {"metadata":{"emulator":{"name":"functions"},"function":{"name":"us-central1-postemails"},"extension":{},"message":"[runtime-status] [2656] Listening to port: \\\\?\\pipe\\fire_emu_3a88b3b20507e394"}}
[debug] [2022-08-29T07:01:50.550Z] [functions] Runtime ready! Sending request! {"metadata":{"emulator":{"name":"functions"},"message":"[functions] Runtime ready! Sending request!"}}
[debug] [2022-08-29T07:01:50.550Z] [functions] Got req.url=/plivo-mock/us-central1/postemails, mapping to path=/ {"metadata":{"emulator":{"name":"functions"},"message":"[functions] Got req.url=/plivo-mock/us-central1/postemails, mapping to path=/"}}
[info] >  SyntaxError: Unexpected token / in JSON at position 3 {"user":"SyntaxError: Unexpected token / in JSON at position 3","metadata":{"emulator":{"name":"functions"},"function":{"name":"us-central1-postemails"},"extension":{},"message":"\u001b[90m> \u001b[39m SyntaxError: Unexpected token / in JSON at position 3"}}
[info] >      at JSON.parse (<anonymous>) {"user":"    at JSON.parse (<anonymous>)","metadata":{"emulator":{"name":"functions"},"function":{"name":"us-central1-postemails"},"extension":{},"message":"\u001b[90m> \u001b[39m     at JSON.parse (<anonymous>)"}}
[info] >      at parse (C:\Users\thech\AppData\Roaming\npm\node_modules\firebase-tools\node_modules\body-parser\lib\types\json.js:89:19) {"user":"    at parse (C:\\Users\\thech\\AppData\\Roaming\\npm\\node_modules\\firebase-tools\\node_modules\\body-parser\\lib\\types\\json.js:89:19)","metadata":{"emulator":{"name":"functions"},"function":{"name":"us-central1-postemails"},"extension":{},"message":"\u001b[90m> \u001b[39m     at parse (C:\\Users\\thech\\AppData\\Roaming\\npm\\node_modules\\firebase-tools\\node_modules\\body-parser\\lib\\types\\json.js:89:19)"}}
[info] >      at C:\Users\thech\AppData\Roaming\npm\node_modules\firebase-tools\node_modules\body-parser\lib\read.js:121:18 {"user":"    at C:\\Users\\thech\\AppData\\Roaming\\npm\\node_modules\\firebase-tools\\node_modules\\body-parser\\lib\\read.js:121:18","metadata":{"emulator":{"name":"functions"},"function":{"name":"us-central1-postemails"},"extension":{},"message":"\u001b[90m> \u001b[39m     at C:\\Users\\thech\\AppData\\Roaming\\npm\\node_modules\\firebase-tools\\node_modules\\body-parser\\lib\\read.js:121:18"}}
[info] >      at invokeCallback (C:\Users\thech\AppData\Roaming\npm\node_modules\firebase-tools\node_modules\raw-body\index.js:224:16) {"user":"    at invokeCallback (C:\\Users\\thech\\AppData\\Roaming\\npm\\node_modules\\firebase-tools\\node_modules\\raw-body\\index.js:224:16)","metadata":{"emulator":{"name":"functions"},"function":{"name":"us-central1-postemails"},"extension":{},"message":"\u001b[90m> \u001b[39m     at invokeCallback (C:\\Users\\thech\\AppData\\Roaming\\npm\\node_modules\\firebase-tools\\node_modules\\raw-body\\index.js:224:16)"}}
[info] >      at done (C:\Users\thech\AppData\Roaming\npm\node_modules\firebase-tools\node_modules\raw-body\index.js:213:7) {"user":"    at done (C:\\Users\\thech\\AppData\\Roaming\\npm\\node_modules\\firebase-tools\\node_modules\\raw-body\\index.js:213:7)","metadata":{"emulator":{"name":"functions"},"function":{"name":"us-central1-postemails"},"extension":{},"message":"\u001b[90m> \u001b[39m     at done (C:\\Users\\thech\\AppData\\Roaming\\npm\\node_modules\\firebase-tools\\node_modules\\raw-body\\index.js:213:7)"}}
[info] >      at IncomingMessage.onEnd (C:\Users\thech\AppData\Roaming\npm\node_modules\firebase-tools\node_modules\raw-body\index.js:273:7) {"user":"    at IncomingMessage.onEnd (C:\\Users\\thech\\AppData\\Roaming\\npm\\node_modules\\firebase-tools\\node_modules\\raw-body\\index.js:273:7)","metadata":{"emulator":{"name":"functions"},"function":{"name":"us-central1-postemails"},"extension":{},"message":"\u001b[90m> \u001b[39m     at IncomingMessage.onEnd (C:\\Users\\thech\\AppData\\Roaming\\npm\\node_modules\\firebase-tools\\node_modules\\raw-body\\index.js:273:7)"}}
[info] >      at IncomingMessage.emit (node:events:539:35) {"user":"    at IncomingMessage.emit (node:events:539:35)","metadata":{"emulator":{"name":"functions"},"function":{"name":"us-central1-postemails"},"extension":{},"message":"\u001b[90m> \u001b[39m     at IncomingMessage.emit (node:events:539:35)"}}
[info] >      at endReadableNT (node:internal/streams/readable:1345:12) {"user":"    at endReadableNT (node:internal/streams/readable:1345:12)","metadata":{"emulator":{"name":"functions"},"function":{"name":"us-central1-postemails"},"extension":{},"message":"\u001b[90m> \u001b[39m     at endReadableNT (node:internal/streams/readable:1345:12)"}}
[info] >      at processTicksAndRejections (node:internal/process/task_queues:83:21) {"user":"    at processTicksAndRejections (node:internal/process/task_queues:83:21)","metadata":{"emulator":{"name":"functions"},"function":{"name":"us-central1-postemails"},"extension":{},"message":"\u001b[90m> \u001b[39m     at processTicksAndRejections (node:internal/process/task_queues:83:21)"}}
[warn] !  functions: Your function timed out after ~60s. To configure this timeout, see
      https://firebase.google.com/docs/functions/manage-functions#set_timeout_and_memory_allocation. {"metadata":{"emulator":{"name":"functions"},"function":{"name":"us-central1-postemails"},"extension":{},"message":"Your function timed out after ~60s. To configure this timeout, see\n      https://firebase.google.com/docs/functions/manage-functions#set_timeout_and_memory_allocation."}}
[info] >  C:\Users\thech\AppData\Roaming\npm\node_modules\firebase-tools\lib\emulator\functionsEmulatorRuntime.js:635 {"user":"C:\\Users\\thech\\AppData\\Roaming\\npm\\node_modules\\firebase-tools\\lib\\emulator\\functionsEmulatorRuntime.js:635\r","metadata":{"emulator":{"name":"functions"},"function":{"name":"us-central1-postemails"},"extension":{},"message":"\u001b[90m> \u001b[39m C:\\Users\\thech\\AppData\\Roaming\\npm\\node_modules\\firebase-tools\\lib\\emulator\\functionsEmulatorRuntime.js:635\r"}}
[info] >              throw new Error("Function timed out."); {"user":"            throw new Error(\"Function timed out.\");\r","metadata":{"emulator":{"name":"functions"},"function":{"name":"us-central1-postemails"},"extension":{},"message":"\u001b[90m> \u001b[39m             throw new Error(\"Function timed out.\");\r"}}
[info] >              ^ {"user":"            ^\r","metadata":{"emulator":{"name":"functions"},"function":{"name":"us-central1-postemails"},"extension":{},"message":"\u001b[90m> \u001b[39m             ^\r"}}
[info] >   {"user":"\r","metadata":{"emulator":{"name":"functions"},"function":{"name":"us-central1-postemails"},"extension":{},"message":"\u001b[90m> \u001b[39m \r"}}
[info] >  Error: Function timed out. {"user":"Error: Function timed out.\r","metadata":{"emulator":{"name":"functions"},"function":{"name":"us-central1-postemails"},"extension":{},"message":"\u001b[90m> \u001b[39m Error: Function timed out.\r"}}
[info] >      at Timeout._onTimeout (C:\Users\thech\AppData\Roaming\npm\node_modules\firebase-tools\lib\emulator\functionsEmulatorRuntime.js:635:19) {"user":"    at Timeout._onTimeout (C:\\Users\\thech\\AppData\\Roaming\\npm\\node_modules\\firebase-tools\\lib\\emulator\\functionsEmulatorRuntime.js:635:19)\r","metadata":{"emulator":{"name":"functions"},"function":{"name":"us-central1-postemails"},"extension":{},"message":"\u001b[90m> \u001b[39m     at Timeout._onTimeout (C:\\Users\\thech\\AppData\\Roaming\\npm\\node_modules\\firebase-tools\\lib\\emulator\\functionsEmulatorRuntime.js:635:19)\r"}}
[info] >      at listOnTimeout (node:internal/timers:559:17) {"user":"    at listOnTimeout (node:internal/timers:559:17)\r","metadata":{"emulator":{"name":"functions"},"function":{"name":"us-central1-postemails"},"extension":{},"message":"\u001b[90m> \u001b[39m     at listOnTimeout (node:internal/timers:559:17)\r"}}
[info] >      at processTimers (node:internal/timers:502:7) {"user":"    at processTimers (node:internal/timers:502:7)\r","metadata":{"emulator":{"name":"functions"},"function":{"name":"us-central1-postemails"},"extension":{},"message":"\u001b[90m> \u001b[39m     at processTimers (node:internal/timers:502:7)\r"}}
[info] >   {"user":"\r","metadata":{"emulator":{"name":"functions"},"function":{"name":"us-central1-postemails"},"extension":{},"message":"\u001b[90m> \u001b[39m \r"}}
[info] >  Node.js v17.9.0 {"user":"Node.js v17.9.0\r","metadata":{"emulator":{"name":"functions"},"function":{"name":"us-central1-postemails"},"extension":{},"message":"\u001b[90m> \u001b[39m Node.js v17.9.0\r"}}
[debug] [2022-08-29T07:02:02.628Z] [worker-us-central1-postemails-d8d3317d-211a-42df-b22f-d6c5016664da]: exited {"metadata":{"emulator":{"name":"functions"},"message":"[worker-us-central1-postemails-d8d3317d-211a-42df-b22f-d6c5016664da]: exited"}}
[debug] [2022-08-29T07:02:02.628Z] [worker-us-central1-postemails-d8d3317d-211a-42df-b22f-d6c5016664da]: FINISHED {"metadata":{"emulator":{"name":"functions"},"message":"[worker-us-central1-postemails-d8d3317d-211a-42df-b22f-d6c5016664da]: FINISHED"}}
[debug] [2022-08-29T07:02:02.628Z] [work-queue] {"queueLength":0,"workRunningCount":2}
[warn] !  functions: Your function timed out after ~60s. To configure this timeout, see
      https://firebase.google.com/docs/functions/manage-functions#set_timeout_and_memory_allocation. {"metadata":{"emulator":{"name":"functions"},"function":{"name":"us-central1-postemails"},"extension":{},"message":"Your function timed out after ~60s. To configure this timeout, see\n      https://firebase.google.com/docs/functions/manage-functions#set_timeout_and_memory_allocation."}}
[info] >  C:\Users\thech\AppData\Roaming\npm\node_modules\firebase-tools\lib\emulator\functionsEmulatorRuntime.js:635 {"user":"C:\\Users\\thech\\AppData\\Roaming\\npm\\node_modules\\firebase-tools\\lib\\emulator\\functionsEmulatorRuntime.js:635\r","metadata":{"emulator":{"name":"functions"},"function":{"name":"us-central1-postemails"},"extension":{},"message":"\u001b[90m> \u001b[39m C:\\Users\\thech\\AppData\\Roaming\\npm\\node_modules\\firebase-tools\\lib\\emulator\\functionsEmulatorRuntime.js:635\r"}}
[info] >              throw new Error("Function timed out."); {"user":"            throw new Error(\"Function timed out.\");\r","metadata":{"emulator":{"name":"functions"},"function":{"name":"us-central1-postemails"},"extension":{},"message":"\u001b[90m> \u001b[39m             throw new Error(\"Function timed out.\");\r"}}
[info] >              ^ {"user":"            ^\r","metadata":{"emulator":{"name":"functions"},"function":{"name":"us-central1-postemails"},"extension":{},"message":"\u001b[90m> \u001b[39m             ^\r"}}
[info] >   {"user":"\r","metadata":{"emulator":{"name":"functions"},"function":{"name":"us-central1-postemails"},"extension":{},"message":"\u001b[90m> \u001b[39m \r"}}
[info] >  Error: Function timed out. {"user":"Error: Function timed out.\r","metadata":{"emulator":{"name":"functions"},"function":{"name":"us-central1-postemails"},"extension":{},"message":"\u001b[90m> \u001b[39m Error: Function timed out.\r"}}
[info] >      at Timeout._onTimeout (C:\Users\thech\AppData\Roaming\npm\node_modules\firebase-tools\lib\emulator\functionsEmulatorRuntime.js:635:19) {"user":"    at Timeout._onTimeout (C:\\Users\\thech\\AppData\\Roaming\\npm\\node_modules\\firebase-tools\\lib\\emulator\\functionsEmulatorRuntime.js:635:19)\r","metadata":{"emulator":{"name":"functions"},"function":{"name":"us-central1-postemails"},"extension":{},"message":"\u001b[90m> \u001b[39m     at Timeout._onTimeout (C:\\Users\\thech\\AppData\\Roaming\\npm\\node_modules\\firebase-tools\\lib\\emulator\\functionsEmulatorRuntime.js:635:19)\r"}}
[info] >      at listOnTimeout (node:internal/timers:559:17) {"user":"    at listOnTimeout (node:internal/timers:559:17)\r","metadata":{"emulator":{"name":"functions"},"function":{"name":"us-central1-postemails"},"extension":{},"message":"\u001b[90m> \u001b[39m     at listOnTimeout (node:internal/timers:559:17)\r"}}
[info] >      at processTimers (node:internal/timers:502:7) {"user":"    at processTimers (node:internal/timers:502:7)\r","metadata":{"emulator":{"name":"functions"},"function":{"name":"us-central1-postemails"},"extension":{},"message":"\u001b[90m> \u001b[39m     at processTimers (node:internal/timers:502:7)\r"}}
[info] >   {"user":"\r","metadata":{"emulator":{"name":"functions"},"function":{"name":"us-central1-postemails"},"extension":{},"message":"\u001b[90m> \u001b[39m \r"}}
[info] >  Node.js v17.9.0 {"user":"Node.js v17.9.0\r","metadata":{"emulator":{"name":"functions"},"function":{"name":"us-central1-postemails"},"extension":{},"message":"\u001b[90m> \u001b[39m Node.js v17.9.0\r"}}
[debug] [2022-08-29T07:02:35.705Z] [worker-us-central1-postemails-0dcb961b-d144-424f-be9e-0fb3bc1eaa6d]: exited {"metadata":{"emulator":{"name":"functions"},"message":"[worker-us-central1-postemails-0dcb961b-d144-424f-be9e-0fb3bc1eaa6d]: exited"}}
[debug] [2022-08-29T07:02:35.705Z] [worker-us-central1-postemails-0dcb961b-d144-424f-be9e-0fb3bc1eaa6d]: FINISHED {"metadata":{"emulator":{"name":"functions"},"message":"[worker-us-central1-postemails-0dcb961b-d144-424f-be9e-0fb3bc1eaa6d]: FINISHED"}}
[debug] [2022-08-29T07:02:35.706Z] [work-queue] {"queueLength":0,"workRunningCount":1}
[debug] [2022-08-29T07:02:41.658Z] File C:\Users\thech\Documents\Summer 2022\Headstart\plivo-mock\cloud\functions\index.js changed, reloading triggers {"metadata":{"emulator":{"name":"functions"},"message":"File C:\\Users\\thech\\Documents\\Summer 2022\\Headstart\\plivo-mock\\cloud\\functions\\index.js changed, reloading triggers"}}
[debug] [2022-08-29T07:02:42.658Z] Validating nodejs source
[debug] [2022-08-29T07:02:44.654Z] > [functions] package.json contents: {
  "name": "functions",
  "description": "Cloud Functions for Firebase",
  "scripts": {
    "lint": "eslint .",
    "serve": "firebase emulators:start --only functions",
    "shell": "firebase functions:shell",
    "start": "npm run shell",
    "deploy": "firebase deploy --only functions",
    "logs": "firebase functions:log"
  },
  "engines": {
    "node": "16"
  },
  "main": "index.js",
  "dependencies": {
    "@sendgrid/mail": "^7.7.0",
    "firebase-admin": "^10.3.0",
    "firebase-functions": "^3.22.0"
  },
  "devDependencies": {
    "eslint": "^8.9.0",
    "eslint-config-google": "^0.14.0",
    "firebase-functions-test": "^0.2.0"
  },
  "private": true
}
[debug] [2022-08-29T07:02:44.654Z] Building nodejs source
[debug] [2022-08-29T07:02:44.654Z] Analyzing nodejs backend spec
[debug] [2022-08-29T07:02:44.654Z] Could not find functions.yaml. Must use http discovery
[debug] [2022-08-29T07:02:44.860Z] Serving at port 9006

[debug] [2022-08-29T07:02:44.957Z] Got response from /__/functions.yaml {"endpoints":{"getemail":{"platform":"gcfv1","httpsTrigger":{},"entryPoint":"getemail"},"postemails":{"platform":"gcfv1","httpsTrigger":{},"entryPoint":"postemails"}},"specVersion":"v1alpha1","requiredAPIs":[]}
[warn] !  functions: Your function timed out after ~60s. To configure this timeout, see
      https://firebase.google.com/docs/functions/manage-functions#set_timeout_and_memory_allocation. {"metadata":{"emulator":{"name":"functions"},"function":{"name":"us-central1-postemails"},"extension":{},"message":"Your function timed out after ~60s. To configure this timeout, see\n      https://firebase.google.com/docs/functions/manage-functions#set_timeout_and_memory_allocation."}}
[info] >  C:\Users\thech\AppData\Roaming\npm\node_modules\firebase-tools\lib\emulator\functionsEmulatorRuntime.js:635 {"user":"C:\\Users\\thech\\AppData\\Roaming\\npm\\node_modules\\firebase-tools\\lib\\emulator\\functionsEmulatorRuntime.js:635\r","metadata":{"emulator":{"name":"functions"},"function":{"name":"us-central1-postemails"},"extension":{},"message":"\u001b[90m> \u001b[39m C:\\Users\\thech\\AppData\\Roaming\\npm\\node_modules\\firebase-tools\\lib\\emulator\\functionsEmulatorRuntime.js:635\r"}}
[info] >              throw new Error("Function timed out."); {"user":"            throw new Error(\"Function timed out.\");\r","metadata":{"emulator":{"name":"functions"},"function":{"name":"us-central1-postemails"},"extension":{},"message":"\u001b[90m> \u001b[39m             throw new Error(\"Function timed out.\");\r"}}
[info] >              ^ {"user":"            ^\r","metadata":{"emulator":{"name":"functions"},"function":{"name":"us-central1-postemails"},"extension":{},"message":"\u001b[90m> \u001b[39m             ^\r"}}
[info] >   {"user":"\r","metadata":{"emulator":{"name":"functions"},"function":{"name":"us-central1-postemails"},"extension":{},"message":"\u001b[90m> \u001b[39m \r"}}
[info] >  Error: Function timed out. {"user":"Error: Function timed out.\r","metadata":{"emulator":{"name":"functions"},"function":{"name":"us-central1-postemails"},"extension":{},"message":"\u001b[90m> \u001b[39m Error: Function timed out.\r"}}
[info] >      at Timeout._onTimeout (C:\Users\thech\AppData\Roaming\npm\node_modules\firebase-tools\lib\emulator\functionsEmulatorRuntime.js:635:19) {"user":"    at Timeout._onTimeout (C:\\Users\\thech\\AppData\\Roaming\\npm\\node_modules\\firebase-tools\\lib\\emulator\\functionsEmulatorRuntime.js:635:19)\r","metadata":{"emulator":{"name":"functions"},"function":{"name":"us-central1-postemails"},"extension":{},"message":"\u001b[90m> \u001b[39m     at Timeout._onTimeout (C:\\Users\\thech\\AppData\\Roaming\\npm\\node_modules\\firebase-tools\\lib\\emulator\\functionsEmulatorRuntime.js:635:19)\r"}}
[info] >      at listOnTimeout (node:internal/timers:559:17) {"user":"    at listOnTimeout (node:internal/timers:559:17)\r","metadata":{"emulator":{"name":"functions"},"function":{"name":"us-central1-postemails"},"extension":{},"message":"\u001b[90m> \u001b[39m     at listOnTimeout (node:internal/timers:559:17)\r"}}
[info] >      at processTimers (node:internal/timers:502:7) {"user":"    at processTimers (node:internal/timers:502:7)\r","metadata":{"emulator":{"name":"functions"},"function":{"name":"us-central1-postemails"},"extension":{},"message":"\u001b[90m> \u001b[39m     at processTimers (node:internal/timers:502:7)\r"}}
[info] >   {"user":"\r","metadata":{"emulator":{"name":"functions"},"function":{"name":"us-central1-postemails"},"extension":{},"message":"\u001b[90m> \u001b[39m \r"}}
[info] >  Node.js v17.9.0 {"user":"Node.js v17.9.0\r","metadata":{"emulator":{"name":"functions"},"function":{"name":"us-central1-postemails"},"extension":{},"message":"\u001b[90m> \u001b[39m Node.js v17.9.0\r"}}
[debug] [2022-08-29T07:02:50.490Z] [worker-us-central1-postemails-691dcba6-1359-4015-98db-78dad5112d36]: exited {"metadata":{"emulator":{"name":"functions"},"message":"[worker-us-central1-postemails-691dcba6-1359-4015-98db-78dad5112d36]: exited"}}
[debug] [2022-08-29T07:02:50.490Z] [worker-us-central1-postemails-691dcba6-1359-4015-98db-78dad5112d36]: FINISHED {"metadata":{"emulator":{"name":"functions"},"message":"[worker-us-central1-postemails-691dcba6-1359-4015-98db-78dad5112d36]: FINISHED"}}
[debug] [2022-08-29T07:02:50.490Z] [work-queue] {"queueLength":0,"workRunningCount":0}
[debug] [2022-08-29T07:02:51.246Z] File C:\Users\thech\Documents\Summer 2022\Headstart\plivo-mock\cloud\functions\index.js changed, reloading triggers {"metadata":{"emulator":{"name":"functions"},"message":"File C:\\Users\\thech\\Documents\\Summer 2022\\Headstart\\plivo-mock\\cloud\\functions\\index.js changed, reloading triggers"}}
